2022-02-17 10:11:11,226 - basicLogger - INFO - Starting periodic processing
2022-02-17 10:11:11,245 - basicLogger - ERROR - Could not get 200 response code
2022-02-17 10:11:11,250 - basicLogger - ERROR - Could not get 200 response code
2022-02-17 10:11:11,250 - basicLogger - INFO - 16 events received; Trace ID: fc8d993c-901c-11ec-862e-a683e7110f03
2022-02-17 10:11:16,227 - basicLogger - INFO - Starting periodic processing
2022-02-17 10:11:16,236 - basicLogger - ERROR - Could not get 200 response code
2022-02-17 10:11:16,242 - basicLogger - ERROR - Could not get 200 response code
2022-02-17 10:11:16,242 - basicLogger - INFO - 16 events received; Trace ID: ff88bfea-901c-11ec-862e-a683e7110f03
2022-02-17 10:11:21,228 - basicLogger - INFO - Starting periodic processing
2022-02-17 10:11:21,239 - basicLogger - ERROR - Could not get 200 response code
2022-02-17 10:11:21,246 - basicLogger - ERROR - Could not get 200 response code
2022-02-17 10:11:21,247 - basicLogger - INFO - 16 events received; Trace ID: 0283cf82-901d-11ec-862e-a683e7110f03
2022-02-17 10:11:26,227 - basicLogger - INFO - Starting periodic processing
2022-02-17 10:11:26,239 - basicLogger - ERROR - Could not get 200 response code
2022-02-17 10:11:26,244 - basicLogger - ERROR - Could not get 200 response code
2022-02-17 10:11:26,244 - basicLogger - INFO - 16 events received; Trace ID: 057e98c0-901d-11ec-862e-a683e7110f03
2022-02-17 10:11:31,228 - basicLogger - INFO - Starting periodic processing
2022-02-17 10:11:31,236 - basicLogger - ERROR - Could not get 200 response code
2022-02-17 10:11:31,241 - basicLogger - ERROR - Could not get 200 response code
2022-02-17 10:11:31,242 - basicLogger - INFO - 16 events received; Trace ID: 0879a77c-901d-11ec-862e-a683e7110f03
2022-02-17 10:11:36,227 - basicLogger - INFO - Starting periodic processing
2022-02-17 10:11:36,236 - basicLogger - ERROR - Could not get 200 response code
2022-02-17 10:11:36,241 - basicLogger - ERROR - Could not get 200 response code
2022-02-17 10:11:36,241 - basicLogger - INFO - 16 events received; Trace ID: 0b746f70-901d-11ec-862e-a683e7110f03
2022-02-17 10:11:41,229 - basicLogger - INFO - Starting periodic processing
2022-02-17 10:11:41,234 - basicLogger - ERROR - Could not get 200 response code
2022-02-17 10:11:41,238 - basicLogger - ERROR - Could not get 200 response code
2022-02-17 10:11:41,238 - basicLogger - INFO - 16 events received; Trace ID: 0e6faff0-901d-11ec-862e-a683e7110f03
2022-02-17 10:11:46,227 - basicLogger - INFO - Starting periodic processing
2022-02-17 10:11:46,237 - basicLogger - ERROR - Could not get 200 response code
2022-02-17 10:11:46,244 - basicLogger - ERROR - Could not get 200 response code
2022-02-17 10:11:46,244 - basicLogger - INFO - 16 events received; Trace ID: 116a519c-901d-11ec-862e-a683e7110f03
2022-02-17 10:11:51,226 - basicLogger - INFO - Starting periodic processing
2022-02-17 10:11:51,238 - basicLogger - ERROR - Could not get 200 response code
2022-02-17 10:11:51,245 - basicLogger - ERROR - Could not get 200 response code
2022-02-17 10:11:51,245 - basicLogger - INFO - 16 events received; Trace ID: 14652dd6-901d-11ec-862e-a683e7110f03
2022-02-17 10:11:56,226 - basicLogger - INFO - Starting periodic processing
2022-02-17 10:11:56,238 - basicLogger - ERROR - Could not get 200 response code
2022-02-17 10:11:56,243 - basicLogger - ERROR - Could not get 200 response code
2022-02-17 10:11:56,243 - basicLogger - INFO - 16 events received; Trace ID: 17601870-901d-11ec-862e-a683e7110f03
2022-02-17 10:12:01,229 - basicLogger - INFO - Starting periodic processing
2022-02-17 10:12:01,235 - basicLogger - ERROR - Could not get 200 response code
2022-02-17 10:12:01,239 - basicLogger - ERROR - Could not get 200 response code
2022-02-17 10:12:01,240 - basicLogger - INFO - 16 events received; Trace ID: 1a5b7772-901d-11ec-862e-a683e7110f03
2022-02-17 10:12:06,228 - basicLogger - INFO - Starting periodic processing
2022-02-17 10:12:06,237 - basicLogger - ERROR - Could not get 200 response code
2022-02-17 10:12:06,243 - basicLogger - ERROR - Could not get 200 response code
2022-02-17 10:12:06,243 - basicLogger - INFO - 16 events received; Trace ID: 1d5648d0-901d-11ec-862e-a683e7110f03
2022-02-17 10:12:11,224 - basicLogger - INFO - Starting periodic processing
2022-02-17 10:12:11,234 - basicLogger - ERROR - Could not get 200 response code
2022-02-17 10:12:11,241 - basicLogger - ERROR - Could not get 200 response code
2022-02-17 10:12:11,242 - basicLogger - INFO - 16 events received; Trace ID: 205095d6-901d-11ec-862e-a683e7110f03
2022-02-17 10:19:54,473 - basicLogger - INFO - Starting periodic processing
2022-02-17 10:19:54,495 - basicLogger - ERROR - Could not get 200 response code
2022-02-17 10:19:54,502 - basicLogger - ERROR - Could not get 200 response code
2022-02-17 10:19:54,502 - basicLogger - INFO - 16 events received; Trace ID: 346eb7e0-901e-11ec-8ce2-a683e7110f03
2022-02-17 10:20:18,479 - basicLogger - INFO - Starting periodic processing
2022-02-17 10:20:18,501 - basicLogger - ERROR - Could not get 200 response code
2022-02-17 10:20:18,506 - basicLogger - ERROR - Could not get 200 response code
2022-02-17 10:20:18,506 - basicLogger - INFO - 16 events received; Trace ID: 42bdbda0-901e-11ec-a681-a683e7110f03
2022-02-17 10:29:12,817 - basicLogger - INFO - Starting periodic processing
2022-02-17 10:29:17,819 - basicLogger - INFO - Starting periodic processing
2022-02-22 11:58:56,710 - basicLogger - INFO - Starting periodic processing
2022-02-22 11:59:01,714 - basicLogger - INFO - Starting periodic processing
2022-02-22 11:59:06,710 - basicLogger - INFO - Starting periodic processing
2022-02-22 11:59:11,715 - basicLogger - INFO - Starting periodic processing
2022-02-22 11:59:16,710 - basicLogger - INFO - Starting periodic processing
2022-02-22 11:59:21,710 - basicLogger - INFO - Starting periodic processing
2022-02-22 11:59:26,711 - basicLogger - INFO - Starting periodic processing
2022-02-22 11:59:31,712 - basicLogger - INFO - Starting periodic processing
2022-02-22 11:59:36,710 - basicLogger - INFO - Starting periodic processing
2022-02-24 08:34:42,617 - basicLogger - INFO - Starting periodic processing
2022-02-24 08:40:14,133 - basicLogger - INFO - Starting periodic processing
2022-02-24 08:40:14,157 - basicLogger - ERROR - Could not get 200 response code
2022-02-24 08:40:14,162 - basicLogger - ERROR - Could not get 200 response code
2022-02-24 08:40:14,162 - basicLogger - INFO - Events Received
2022-02-24 08:40:19,135 - basicLogger - INFO - Starting periodic processing
2022-02-24 08:40:19,142 - basicLogger - ERROR - Could not get 200 response code
2022-02-24 08:40:19,148 - basicLogger - ERROR - Could not get 200 response code
2022-02-24 08:40:19,148 - basicLogger - INFO - Events Received
2022-02-24 08:40:24,133 - basicLogger - INFO - Starting periodic processing
2022-02-24 08:40:24,139 - basicLogger - ERROR - Could not get 200 response code
2022-02-24 08:40:24,143 - basicLogger - ERROR - Could not get 200 response code
2022-02-24 08:40:24,143 - basicLogger - INFO - Events Received
2022-02-24 08:40:29,132 - basicLogger - INFO - Starting periodic processing
2022-02-24 08:40:29,139 - basicLogger - ERROR - Could not get 200 response code
2022-02-24 08:40:29,143 - basicLogger - ERROR - Could not get 200 response code
2022-02-24 08:40:29,144 - basicLogger - INFO - Events Received
2022-02-24 08:52:14,647 - basicLogger - INFO - Starting periodic processing
2022-02-24 08:52:14,666 - basicLogger - ERROR - Could not get 200 response code
2022-02-24 08:52:14,671 - basicLogger - ERROR - Could not get 200 response code
2022-02-24 08:52:14,671 - basicLogger - INFO - Events Received
2022-02-24 08:52:19,652 - basicLogger - INFO - Starting periodic processing
2022-02-24 08:52:19,658 - basicLogger - ERROR - Could not get 200 response code
2022-02-24 08:52:19,663 - basicLogger - ERROR - Could not get 200 response code
2022-02-24 08:52:19,664 - basicLogger - INFO - Events Received
2022-02-24 08:52:24,647 - basicLogger - INFO - Starting periodic processing
2022-02-24 08:52:24,653 - basicLogger - ERROR - Could not get 200 response code
2022-02-24 08:52:24,658 - basicLogger - ERROR - Could not get 200 response code
2022-02-24 08:52:24,659 - basicLogger - INFO - Events Received
2022-02-24 08:52:29,646 - basicLogger - INFO - Starting periodic processing
2022-02-24 08:52:29,653 - basicLogger - ERROR - Could not get 200 response code
2022-02-24 08:52:29,658 - basicLogger - ERROR - Could not get 200 response code
2022-02-24 08:52:29,658 - basicLogger - INFO - Events Received
2022-02-24 08:52:34,650 - basicLogger - INFO - Starting periodic processing
2022-02-24 08:52:34,659 - basicLogger - ERROR - Could not get 200 response code
2022-02-24 08:52:34,664 - basicLogger - ERROR - Could not get 200 response code
2022-02-24 08:52:34,664 - basicLogger - INFO - Events Received
2022-02-24 08:52:39,650 - basicLogger - INFO - Starting periodic processing
2022-02-24 08:52:39,657 - basicLogger - ERROR - Could not get 200 response code
2022-02-24 08:52:39,662 - basicLogger - ERROR - Could not get 200 response code
2022-02-24 08:52:39,662 - basicLogger - INFO - Events Received
2022-02-24 08:52:44,650 - basicLogger - INFO - Starting periodic processing
2022-02-24 08:52:44,658 - basicLogger - ERROR - Could not get 200 response code
2022-02-24 08:52:44,664 - basicLogger - ERROR - Could not get 200 response code
2022-02-24 08:52:44,664 - basicLogger - INFO - Events Received
2022-02-24 08:52:49,649 - basicLogger - INFO - Starting periodic processing
2022-02-24 08:52:49,660 - basicLogger - ERROR - Could not get 200 response code
2022-02-24 08:52:49,690 - basicLogger - ERROR - Could not get 200 response code
2022-02-24 08:52:49,690 - basicLogger - INFO - Events Received
2022-02-24 08:53:01,680 - basicLogger - INFO - Starting periodic processing
2022-02-24 08:53:01,700 - basicLogger - ERROR - Could not get 200 response code
2022-02-24 08:53:01,704 - basicLogger - ERROR - Could not get 200 response code
2022-02-24 08:53:01,705 - basicLogger - INFO - Events Received
2022-02-24 08:53:06,680 - basicLogger - INFO - Starting periodic processing
2022-02-24 08:53:06,690 - basicLogger - ERROR - Could not get 200 response code
2022-02-24 08:53:06,696 - basicLogger - ERROR - Could not get 200 response code
2022-02-24 08:53:06,697 - basicLogger - INFO - Events Received
2022-02-24 08:53:11,681 - basicLogger - INFO - Starting periodic processing
2022-02-24 08:53:11,687 - basicLogger - ERROR - Could not get 200 response code
2022-02-24 08:53:11,692 - basicLogger - ERROR - Could not get 200 response code
2022-02-24 08:53:11,692 - basicLogger - INFO - Events Received
2022-02-24 09:41:18,448 - basicLogger - INFO - Starting periodic processing
2022-02-24 09:41:18,462 - basicLogger - ERROR - Could not get 200 response code
2022-02-24 09:41:18,466 - basicLogger - ERROR - Could not get 200 response code
2022-02-24 09:41:18,467 - basicLogger - INFO - Events Received
2022-02-24 09:41:23,450 - basicLogger - INFO - Starting periodic processing
2022-02-24 09:41:23,457 - basicLogger - ERROR - Could not get 200 response code
2022-02-24 09:41:23,463 - basicLogger - ERROR - Could not get 200 response code
2022-02-24 09:41:23,463 - basicLogger - INFO - Events Received
2022-02-24 09:41:39,135 - basicLogger - INFO - Starting periodic processing
2022-02-24 09:41:39,148 - basicLogger - ERROR - Could not get 200 response code
2022-02-24 09:41:39,155 - basicLogger - ERROR - Could not get 200 response code
2022-02-24 09:41:39,155 - basicLogger - INFO - Events Received
2022-02-24 09:41:44,136 - basicLogger - INFO - Starting periodic processing
2022-02-24 09:41:44,144 - basicLogger - ERROR - Could not get 200 response code
2022-02-24 09:41:44,148 - basicLogger - ERROR - Could not get 200 response code
2022-02-24 09:41:44,148 - basicLogger - INFO - Events Received
2022-02-24 09:41:49,135 - basicLogger - INFO - Starting periodic processing
2022-02-24 09:41:49,143 - basicLogger - ERROR - Could not get 200 response code
2022-02-24 09:41:49,150 - basicLogger - ERROR - Could not get 200 response code
2022-02-24 09:41:49,151 - basicLogger - INFO - Events Received
2022-02-24 09:41:54,138 - basicLogger - INFO - Starting periodic processing
2022-02-24 09:41:54,145 - basicLogger - ERROR - Could not get 200 response code
2022-02-24 09:41:54,150 - basicLogger - ERROR - Could not get 200 response code
2022-02-24 09:41:54,150 - basicLogger - INFO - Events Received
2022-02-24 09:42:26,990 - basicLogger - INFO - Starting periodic processing
2022-02-24 09:42:27,005 - basicLogger - ERROR - Could not get 200 response code
2022-02-24 09:42:27,011 - basicLogger - ERROR - Could not get 200 response code
2022-02-24 09:42:27,011 - basicLogger - INFO - Events Received
2022-02-24 09:43:07,483 - basicLogger - INFO - Starting periodic processing
2022-02-24 09:43:07,503 - basicLogger - ERROR - Could not get 200 response code
2022-02-24 09:43:07,510 - basicLogger - ERROR - Could not get 200 response code
2022-02-24 09:43:07,510 - basicLogger - INFO - Events Received
2022-02-24 09:43:48,123 - basicLogger - INFO - Starting periodic processing
2022-02-24 09:44:24,003 - basicLogger - INFO - Starting periodic processing
2022-02-24 09:44:24,025 - basicLogger - ERROR - Could not get 200 response code
2022-02-24 09:44:24,029 - basicLogger - ERROR - Could not get 200 response code
2022-02-24 09:44:24,029 - basicLogger - INFO - Events Received
2022-02-24 09:44:29,004 - basicLogger - INFO - Starting periodic processing
2022-02-24 09:44:29,013 - basicLogger - ERROR - Could not get 200 response code
2022-02-24 09:44:29,021 - basicLogger - ERROR - Could not get 200 response code
2022-02-24 09:44:29,022 - basicLogger - INFO - Events Received
2022-02-24 09:47:15,417 - basicLogger - INFO - Starting periodic processing
2022-02-24 09:47:15,436 - basicLogger - ERROR - Could not get 200 response code
2022-02-24 09:47:15,440 - basicLogger - ERROR - Could not get 200 response code
2022-02-24 09:47:15,441 - basicLogger - INFO - Events Received
2022-02-24 09:47:20,418 - basicLogger - INFO - Starting periodic processing
2022-02-24 09:47:20,427 - basicLogger - ERROR - Could not get 200 response code
2022-02-24 09:47:20,432 - basicLogger - ERROR - Could not get 200 response code
2022-02-24 09:47:20,432 - basicLogger - INFO - Events Received
2022-02-24 09:49:22,522 - basicLogger - INFO - Starting periodic processing
2022-02-24 09:49:22,540 - basicLogger - ERROR - Could not get 200 response code
2022-02-24 09:49:22,544 - basicLogger - ERROR - Could not get 200 response code
2022-02-24 09:49:22,544 - basicLogger - INFO - Events Received
2022-02-24 09:49:59,945 - basicLogger - INFO - Starting periodic processing
2022-02-24 09:49:59,958 - basicLogger - ERROR - Could not get 200 response code
2022-02-24 09:49:59,962 - basicLogger - ERROR - Could not get 200 response code
2022-02-24 09:49:59,962 - basicLogger - INFO - Events Received
2022-02-24 09:51:01,039 - basicLogger - INFO - Starting periodic processing
2022-02-24 09:51:01,062 - basicLogger - ERROR - Could not get 200 response code
2022-02-24 09:51:01,068 - basicLogger - ERROR - Could not get 200 response code
2022-02-24 09:51:01,068 - basicLogger - INFO - Events Received
2022-02-24 09:51:06,040 - basicLogger - INFO - Starting periodic processing
2022-02-24 09:51:06,045 - basicLogger - ERROR - Could not get 200 response code
2022-02-24 09:51:06,049 - basicLogger - ERROR - Could not get 200 response code
2022-02-24 09:51:06,050 - basicLogger - INFO - Events Received
2022-02-24 09:52:04,458 - basicLogger - INFO - Starting periodic processing
2022-02-24 09:52:04,477 - basicLogger - ERROR - Could not get 200 response code
2022-02-24 09:52:04,482 - basicLogger - ERROR - Could not get 200 response code
2022-02-24 09:52:04,482 - basicLogger - INFO - Events Received
2022-02-24 09:53:01,597 - basicLogger - INFO - Starting periodic processing
2022-02-24 09:53:01,616 - basicLogger - ERROR - Could not get 200 response code
2022-02-24 09:53:01,621 - basicLogger - ERROR - Could not get 200 response code
2022-02-24 09:53:01,621 - basicLogger - INFO - Events Received
2022-02-24 09:53:50,315 - basicLogger - INFO - Starting periodic processing
2022-02-24 09:53:50,338 - basicLogger - ERROR - Could not get 200 response code
2022-02-24 09:53:50,343 - basicLogger - ERROR - Could not get 200 response code
2022-02-24 09:53:50,343 - basicLogger - INFO - Events Received
2022-02-24 09:55:01,921 - basicLogger - INFO - Starting periodic processing
2022-02-24 09:55:01,944 - basicLogger - ERROR - Could not get 200 response code
2022-02-24 09:55:01,948 - basicLogger - ERROR - Could not get 200 response code
2022-02-24 09:55:01,948 - basicLogger - INFO - Events Received
2022-02-24 09:55:06,922 - basicLogger - INFO - Starting periodic processing
2022-02-24 09:55:44,219 - basicLogger - INFO - Starting periodic processing
2022-02-24 09:55:44,237 - basicLogger - ERROR - Could not get 200 response code
2022-02-24 09:55:44,242 - basicLogger - ERROR - Could not get 200 response code
2022-02-24 09:55:44,242 - basicLogger - INFO - Events Received
2022-02-24 09:55:49,220 - basicLogger - INFO - Starting periodic processing
2022-02-24 09:55:49,227 - basicLogger - ERROR - Could not get 200 response code
2022-02-24 09:55:49,232 - basicLogger - ERROR - Could not get 200 response code
2022-02-24 09:55:49,232 - basicLogger - INFO - Events Received
2022-02-24 09:57:31,932 - basicLogger - INFO - Starting periodic processing
2022-02-24 09:57:31,955 - basicLogger - ERROR - Could not get 200 response code
2022-02-24 09:57:31,961 - basicLogger - ERROR - Could not get 200 response code
2022-02-24 09:57:31,961 - basicLogger - INFO - Events Received
2022-02-24 09:58:25,150 - basicLogger - INFO - Starting periodic processing
2022-02-24 09:58:25,170 - basicLogger - ERROR - Could not get 200 response code
2022-02-24 10:00:15,914 - basicLogger - INFO - Starting periodic processing
2022-02-24 10:00:15,931 - basicLogger - ERROR - Could not get 200 response code
2022-02-24 10:01:08,011 - basicLogger - INFO - Starting periodic processing
2022-02-24 10:01:08,030 - basicLogger - ERROR - Could not get 200 response code
2022-02-24 10:01:13,011 - basicLogger - INFO - Starting periodic processing
2022-02-24 10:02:24,065 - basicLogger - INFO - Starting periodic processing
2022-02-24 10:02:24,088 - basicLogger - ERROR - Could not get 200 response code
2022-02-24 10:03:36,713 - basicLogger - INFO - Starting periodic processing
2022-02-24 10:03:36,731 - basicLogger - ERROR - Could not get 200 response code
2022-02-24 10:11:47,574 - basicLogger - INFO - Starting periodic processing
2022-02-24 10:11:47,593 - basicLogger - ERROR - Could not get 200 response code
2022-02-24 10:12:53,962 - basicLogger - INFO - Starting periodic processing
2022-02-24 10:12:53,982 - basicLogger - ERROR - Could not get 200 response code
2022-02-24 10:13:34,718 - basicLogger - INFO - Starting periodic processing
2022-02-24 10:13:34,732 - basicLogger - ERROR - Could not get 200 response code
2022-02-24 10:13:54,955 - basicLogger - INFO - Starting periodic processing
2022-02-24 10:13:54,971 - basicLogger - ERROR - Could not get 200 response code
2022-02-24 10:14:07,299 - basicLogger - INFO - Starting periodic processing
2022-02-24 10:14:07,320 - basicLogger - ERROR - Could not get 200 response code
2022-02-24 10:14:12,304 - basicLogger - INFO - Starting periodic processing
2022-02-24 10:14:12,313 - basicLogger - ERROR - Could not get 200 response code
2022-02-24 10:14:19,932 - basicLogger - INFO - Starting periodic processing
2022-02-24 10:14:19,955 - basicLogger - ERROR - Could not get 200 response code
2022-02-24 10:15:37,937 - basicLogger - INFO - Starting periodic processing
2022-02-24 10:15:37,951 - basicLogger - ERROR - Could not get 200 response code
2022-02-24 10:15:42,938 - basicLogger - INFO - Starting periodic processing
2022-02-24 10:16:36,827 - basicLogger - INFO - Starting periodic processing
2022-02-24 10:16:36,845 - basicLogger - ERROR - Could not get 200 response code
2022-02-24 10:16:41,829 - basicLogger - INFO - Starting periodic processing
2022-02-24 10:16:55,079 - basicLogger - INFO - Starting periodic processing
2022-02-24 10:16:55,130 - basicLogger - ERROR - Could not get 200 response code
2022-02-24 10:17:00,081 - basicLogger - INFO - Starting periodic processing
2022-02-24 10:17:19,463 - basicLogger - INFO - Starting periodic processing
2022-02-24 10:17:19,500 - basicLogger - ERROR - Could not get 200 response code
2022-02-24 10:18:15,335 - basicLogger - INFO - Starting periodic processing
2022-02-24 10:18:15,367 - basicLogger - ERROR - Could not get 200 response code
2022-02-24 10:19:15,550 - basicLogger - INFO - Starting periodic processing
2022-02-24 10:19:15,571 - basicLogger - ERROR - Could not get 200 response code
2022-02-24 10:19:27,738 - basicLogger - INFO - Starting periodic processing
2022-02-24 10:19:27,770 - basicLogger - ERROR - Could not get 200 response code
2022-02-24 10:19:38,445 - basicLogger - INFO - Starting periodic processing
2022-02-24 10:19:38,510 - basicLogger - ERROR - Could not get 200 response code
2022-02-24 10:20:09,423 - basicLogger - INFO - Starting periodic processing
2022-02-24 10:20:09,462 - basicLogger - INFO - Recevied
2022-02-24 10:20:45,315 - basicLogger - INFO - Starting periodic processing
2022-02-24 10:20:45,351 - basicLogger - INFO - Recevied
2022-02-24 10:21:21,741 - basicLogger - INFO - Starting periodic processing
2022-02-24 10:21:21,783 - basicLogger - INFO - Recevied
2022-02-24 10:21:45,819 - basicLogger - INFO - Starting periodic processing
2022-02-24 10:21:45,835 - basicLogger - ERROR - Could not get 200 response code
2022-02-24 10:22:01,053 - basicLogger - INFO - Starting periodic processing
2022-02-24 10:22:01,075 - basicLogger - ERROR - Could not get 200 response code
2022-02-24 10:23:42,757 - basicLogger - INFO - Starting periodic processing
2022-02-24 10:23:42,771 - basicLogger - ERROR - Could not get 200 response code
2022-02-24 10:23:55,060 - basicLogger - INFO - Starting periodic processing
2022-02-24 10:23:55,080 - basicLogger - ERROR - Could not get 200 response code
2022-02-24 10:24:38,946 - basicLogger - INFO - Starting periodic processing
2022-02-24 10:24:38,989 - basicLogger - ERROR - Could not get 200 response code
2022-02-24 10:24:43,946 - basicLogger - INFO - Starting periodic processing
2022-02-24 10:24:43,975 - basicLogger - ERROR - Could not get 200 response code
2022-02-24 10:25:28,065 - basicLogger - INFO - Starting periodic processing
2022-02-24 10:25:28,096 - basicLogger - INFO - Recevied
2022-02-24 10:27:04,722 - basicLogger - INFO - Starting periodic processing
2022-02-24 10:27:04,758 - basicLogger - INFO - Recevied
2022-02-24 10:27:04,766 - basicLogger - ERROR - Could not get 200 response code
2022-02-24 10:27:42,526 - basicLogger - INFO - Starting periodic processing
2022-02-24 10:27:42,582 - basicLogger - INFO - Recevied
2022-02-24 10:27:42,590 - basicLogger - ERROR - Could not get 200 response code
2022-02-24 10:28:35,250 - basicLogger - INFO - Starting periodic processing
2022-02-24 10:28:35,278 - basicLogger - INFO - Recevied
2022-02-24 10:28:35,287 - basicLogger - ERROR - Could not get 200 response code
2022-02-24 10:29:31,196 - basicLogger - INFO - Starting periodic processing
2022-02-24 10:29:31,216 - basicLogger - INFO - Recevied
2022-02-24 10:29:31,222 - basicLogger - ERROR - Could not get 200 response code
2022-02-24 10:30:23,983 - basicLogger - INFO - Starting periodic processing
2022-02-24 10:30:24,013 - basicLogger - INFO - Recevied
2022-02-24 10:31:03,636 - basicLogger - INFO - Starting periodic processing
2022-02-24 10:31:03,673 - basicLogger - INFO - Recevied
2022-02-24 10:32:18,951 - basicLogger - INFO - Starting periodic processing
2022-02-24 10:32:18,992 - basicLogger - INFO - Recevied
2022-02-24 10:33:11,889 - basicLogger - INFO - Starting periodic processing
2022-02-24 10:33:11,923 - basicLogger - INFO - Recevied
2022-02-24 10:33:56,471 - basicLogger - INFO - Starting periodic processing
2022-02-24 10:33:56,513 - basicLogger - INFO - Recevied
2022-02-24 10:34:10,722 - basicLogger - INFO - Starting periodic processing
2022-02-24 10:34:10,747 - basicLogger - INFO - Recevied
2022-02-24 10:34:25,784 - basicLogger - INFO - Starting periodic processing
2022-02-24 10:34:25,813 - basicLogger - INFO - Recevied
2022-02-24 10:34:56,921 - basicLogger - INFO - Starting periodic processing
2022-02-24 10:34:56,956 - basicLogger - INFO - Recevied
2022-02-24 10:35:15,510 - basicLogger - INFO - Starting periodic processing
2022-02-24 10:35:15,542 - basicLogger - INFO - Recevied
2022-02-24 10:35:46,386 - basicLogger - INFO - Starting periodic processing
2022-02-24 10:35:46,426 - basicLogger - INFO - Recevied
2022-02-24 10:36:04,124 - basicLogger - INFO - Starting periodic processing
2022-02-24 10:36:04,189 - basicLogger - INFO - Recevied
2022-03-05 22:52:46,911 - basicLogger - INFO - Starting periodic processing
2022-03-05 22:52:46,993 - basicLogger - INFO - Recevied
2022-03-05 23:04:35,453 - basicLogger - INFO - Starting periodic processing
2022-03-05 23:04:35,480 - basicLogger - INFO - Recevied
2022-03-05 23:04:40,454 - basicLogger - INFO - Starting periodic processing
2022-03-05 23:04:40,471 - basicLogger - INFO - Recevied
2022-03-05 23:04:45,457 - basicLogger - INFO - Starting periodic processing
2022-03-05 23:04:45,469 - basicLogger - INFO - Recevied
2022-03-05 23:04:50,459 - basicLogger - INFO - Starting periodic processing
2022-03-05 23:04:50,472 - basicLogger - INFO - Recevied
2022-03-05 23:04:55,452 - basicLogger - INFO - Starting periodic processing
2022-03-05 23:04:55,463 - basicLogger - INFO - Recevied
2022-03-05 23:05:00,454 - basicLogger - INFO - Starting periodic processing
2022-03-05 23:05:00,466 - basicLogger - INFO - Recevied
2022-03-05 23:05:05,452 - basicLogger - INFO - Starting periodic processing
2022-03-05 23:05:05,462 - basicLogger - INFO - Recevied
2022-03-05 23:05:10,453 - basicLogger - INFO - Starting periodic processing
2022-03-05 23:05:10,465 - basicLogger - INFO - Recevied
2022-03-05 23:05:15,457 - basicLogger - INFO - Starting periodic processing
2022-03-05 23:05:15,469 - basicLogger - INFO - Recevied
2022-03-05 23:05:20,454 - basicLogger - INFO - Starting periodic processing
2022-03-05 23:05:20,468 - basicLogger - INFO - Recevied
2022-03-05 23:05:25,452 - basicLogger - INFO - Starting periodic processing
2022-03-05 23:05:25,482 - basicLogger - INFO - Recevied
2022-03-05 23:05:30,455 - basicLogger - INFO - Starting periodic processing
2022-03-05 23:05:30,464 - basicLogger - INFO - Recevied
2022-03-05 23:05:35,457 - basicLogger - INFO - Starting periodic processing
2022-03-05 23:05:35,470 - basicLogger - INFO - Recevied
2022-03-05 23:05:40,455 - basicLogger - INFO - Starting periodic processing
2022-03-05 23:05:40,466 - basicLogger - INFO - Recevied
2022-03-05 23:05:45,453 - basicLogger - INFO - Starting periodic processing
2022-03-05 23:05:45,466 - basicLogger - INFO - Recevied
2022-03-05 23:05:50,457 - basicLogger - INFO - Starting periodic processing
2022-03-05 23:05:50,471 - basicLogger - INFO - Recevied
2022-03-05 23:05:55,457 - basicLogger - INFO - Starting periodic processing
2022-03-05 23:05:55,466 - basicLogger - INFO - Recevied
2022-03-05 23:06:00,457 - basicLogger - INFO - Starting periodic processing
2022-03-05 23:06:00,472 - basicLogger - INFO - Recevied
2022-03-05 23:06:05,452 - basicLogger - INFO - Starting periodic processing
2022-03-05 23:06:05,464 - basicLogger - INFO - Recevied
2022-03-05 23:06:10,452 - basicLogger - INFO - Starting periodic processing
2022-03-05 23:06:10,463 - basicLogger - INFO - Recevied
2022-03-05 23:06:15,457 - basicLogger - INFO - Starting periodic processing
2022-03-05 23:06:15,472 - basicLogger - INFO - Recevied
2022-03-05 23:06:20,454 - basicLogger - INFO - Starting periodic processing
2022-03-05 23:06:20,465 - basicLogger - INFO - Recevied
2022-03-05 23:06:25,457 - basicLogger - INFO - Starting periodic processing
2022-03-05 23:06:25,467 - basicLogger - INFO - Recevied
2022-03-05 23:06:30,457 - basicLogger - INFO - Starting periodic processing
2022-03-05 23:06:30,471 - basicLogger - INFO - Recevied
2022-03-05 23:06:35,455 - basicLogger - INFO - Starting periodic processing
2022-03-05 23:06:35,468 - basicLogger - INFO - Recevied
2022-03-05 23:06:40,452 - basicLogger - INFO - Starting periodic processing
2022-03-05 23:06:40,463 - basicLogger - INFO - Recevied
2022-03-05 23:06:45,457 - basicLogger - INFO - Starting periodic processing
2022-03-05 23:06:45,472 - basicLogger - INFO - Recevied
2022-03-05 23:06:50,455 - basicLogger - INFO - Starting periodic processing
2022-03-05 23:06:50,466 - basicLogger - INFO - Recevied
2022-03-05 23:06:55,456 - basicLogger - INFO - Starting periodic processing
2022-03-05 23:06:55,464 - basicLogger - INFO - Recevied
2022-03-05 23:07:00,458 - basicLogger - INFO - Starting periodic processing
2022-03-05 23:07:00,473 - basicLogger - INFO - Recevied
2022-03-05 23:07:05,460 - basicLogger - INFO - Starting periodic processing
2022-03-05 23:07:05,472 - basicLogger - INFO - Recevied
2022-03-05 23:07:10,459 - basicLogger - INFO - Starting periodic processing
2022-03-05 23:07:10,473 - basicLogger - INFO - Recevied
2022-03-05 23:07:15,454 - basicLogger - INFO - Starting periodic processing
2022-03-05 23:07:15,467 - basicLogger - INFO - Recevied
2022-03-05 23:07:20,457 - basicLogger - INFO - Starting periodic processing
2022-03-05 23:07:20,471 - basicLogger - INFO - Recevied
2022-03-05 23:07:25,457 - basicLogger - INFO - Starting periodic processing
2022-03-05 23:07:25,469 - basicLogger - INFO - Recevied
2022-03-05 23:07:30,453 - basicLogger - INFO - Starting periodic processing
2022-03-05 23:07:30,467 - basicLogger - INFO - Recevied
2022-03-05 23:07:35,457 - basicLogger - INFO - Starting periodic processing
2022-03-05 23:07:35,470 - basicLogger - INFO - Recevied
2022-03-05 23:07:40,457 - basicLogger - INFO - Starting periodic processing
2022-03-05 23:07:40,472 - basicLogger - INFO - Recevied
2022-03-05 23:07:45,453 - basicLogger - INFO - Starting periodic processing
2022-03-05 23:07:45,461 - basicLogger - INFO - Recevied
2022-03-05 23:07:50,452 - basicLogger - INFO - Starting periodic processing
2022-03-05 23:07:50,463 - basicLogger - INFO - Recevied
2022-03-05 23:08:55,628 - basicLogger - INFO - Starting periodic processing
2022-03-05 23:08:55,651 - basicLogger - INFO - Recevied
2022-03-05 23:09:09,237 - basicLogger - INFO - Starting periodic processing
2022-03-05 23:09:09,262 - basicLogger - INFO - Recevied
2022-03-05 23:09:14,232 - basicLogger - INFO - Starting periodic processing
2022-03-05 23:09:14,247 - basicLogger - INFO - Recevied
2022-03-05 23:09:47,026 - basicLogger - INFO - Starting periodic processing
2022-03-05 23:09:47,046 - basicLogger - ERROR - Could not get 200 response code
2022-03-05 23:16:50,167 - basicLogger - INFO - Starting periodic processing
2022-03-05 23:16:50,186 - basicLogger - ERROR - Could not get 200 response code
2022-03-05 23:19:55,811 - basicLogger - INFO - Starting periodic processing
2022-03-05 23:19:55,850 - basicLogger - ERROR - Could not get 200 response code
2022-03-05 23:48:50,714 - basicLogger - INFO - Request Started
2022-03-05 23:48:50,717 - basicLogger - INFO - Statistics do not exist
2022-03-05 23:49:29,491 - basicLogger - INFO - Request Started
2022-03-05 23:49:29,494 - basicLogger - INFO - Statistics do not exist
2022-03-05 23:49:46,874 - basicLogger - INFO - Request Started
2022-03-05 23:49:46,879 - basicLogger - INFO - Statistics do not exist
2022-03-05 23:49:46,879 - basicLogger - INFO - Starting periodic processing
2022-03-05 23:51:17,105 - basicLogger - INFO - Request Started
2022-03-05 23:51:17,108 - basicLogger - INFO - Statistics do not exist
2022-03-05 23:51:17,108 - basicLogger - INFO - Starting periodic processing
2022-03-05 23:52:33,314 - basicLogger - INFO - Request Started
2022-03-05 23:52:33,319 - basicLogger - INFO - Request Completed
2022-03-05 23:53:28,973 - basicLogger - INFO - Request Started
2022-03-05 23:53:28,979 - basicLogger - INFO - Request Completed
2022-03-05 23:53:29,026 - basicLogger - INFO - Recevied
2022-03-06 00:03:42,821 - basicLogger - INFO - Request Started
2022-03-06 00:04:14,618 - basicLogger - INFO - Request Started
2022-03-06 00:04:14,675 - basicLogger - INFO - Recevied
2022-03-09 23:00:53,208 - basicLogger - INFO - Request Started
2022-03-09 23:00:53,343 - basicLogger - INFO - Recevied
2022-03-09 23:05:22,922 - basicLogger - INFO - Request Started
2022-03-09 23:05:22,925 - basicLogger - DEBUG - (1, 200, 150, 200, 200, '2015-02-10 13:00:00.000000')
2022-03-09 23:05:22,941 - basicLogger - INFO - Recevied
2022-03-09 23:10:02,605 - basicLogger - INFO - Recevied
2022-03-10 00:16:12,660 - basicLogger - INFO - Recevied
2022-03-10 00:16:38,461 - basicLogger - INFO - Recevied
2022-03-10 00:16:43,448 - basicLogger - INFO - Recevied
2022-03-10 00:17:26,677 - basicLogger - INFO - Recevied
2022-03-10 00:17:31,669 - basicLogger - INFO - Recevied
2022-03-10 00:17:57,352 - basicLogger - INFO - Recevied
2022-03-10 01:26:09,170 - basicLogger - INFO - Recevied
2022-03-10 01:26:09,186 - basicLogger - ERROR - Could not get 200 response code
2022-04-05 21:08:14,304 - basicLogger - ERROR - Could not get 200 response code
2022-04-05 21:08:14,323 - basicLogger - ERROR - Could not get 200 response code
2022-04-07 09:08:54,184 - basicLogger - INFO - App Conf File: app_conf.yaml
2022-04-07 09:08:54,185 - basicLogger - INFO - Log Conf File: log_conf.yaml
2022-04-07 09:15:19,278 - basicLogger - ERROR - Could not get 200 response code
2022-04-07 09:15:19,426 - basicLogger - ERROR - Could not get 200 response code
2022-04-07 09:15:24,273 - basicLogger - ERROR - Could not get 200 response code
2022-04-07 09:15:24,366 - basicLogger - ERROR - Could not get 200 response code
2022-04-07 09:15:29,278 - basicLogger - ERROR - Could not get 200 response code
2022-04-07 09:15:29,367 - basicLogger - ERROR - Could not get 200 response code
2022-04-07 09:15:34,277 - basicLogger - ERROR - Could not get 200 response code
2022-04-07 09:15:34,364 - basicLogger - ERROR - Could not get 200 response code
2022-04-07 09:15:39,272 - basicLogger - ERROR - Could not get 200 response code
2022-04-07 09:15:39,367 - basicLogger - ERROR - Could not get 200 response code
2022-04-07 09:15:44,274 - basicLogger - ERROR - Could not get 200 response code
2022-04-07 09:15:44,367 - basicLogger - ERROR - Could not get 200 response code
2022-04-07 09:15:49,279 - basicLogger - ERROR - Could not get 200 response code
2022-04-07 09:15:49,361 - basicLogger - ERROR - Could not get 200 response code
2022-04-07 09:15:54,280 - basicLogger - ERROR - Could not get 200 response code
2022-04-07 09:15:54,362 - basicLogger - ERROR - Could not get 200 response code
2022-04-07 09:15:59,278 - basicLogger - ERROR - Could not get 200 response code
2022-04-07 09:15:59,374 - basicLogger - ERROR - Could not get 200 response code
2022-04-07 09:16:04,276 - basicLogger - ERROR - Could not get 200 response code
2022-04-07 09:16:04,358 - basicLogger - ERROR - Could not get 200 response code
2022-04-07 09:16:09,276 - basicLogger - ERROR - Could not get 200 response code
2022-04-07 09:16:09,364 - basicLogger - ERROR - Could not get 200 response code
2022-04-07 09:16:14,274 - basicLogger - ERROR - Could not get 200 response code
2022-04-07 09:16:14,354 - basicLogger - ERROR - Could not get 200 response code
2022-04-07 09:16:19,276 - basicLogger - ERROR - Could not get 200 response code
2022-04-07 09:16:19,371 - basicLogger - ERROR - Could not get 200 response code
2022-04-07 09:16:24,273 - basicLogger - ERROR - Could not get 200 response code
2022-04-07 09:16:24,362 - basicLogger - ERROR - Could not get 200 response code
2022-04-07 09:16:29,274 - basicLogger - ERROR - Could not get 200 response code
2022-04-07 09:16:29,360 - basicLogger - ERROR - Could not get 200 response code
2022-04-07 09:16:34,280 - basicLogger - ERROR - Could not get 200 response code
2022-04-07 09:16:34,533 - basicLogger - ERROR - Could not get 200 response code
2022-04-07 09:16:39,276 - basicLogger - ERROR - Could not get 200 response code
2022-04-07 09:16:39,362 - basicLogger - ERROR - Could not get 200 response code
2022-04-07 09:16:44,277 - basicLogger - ERROR - Could not get 200 response code
2022-04-07 09:16:44,356 - basicLogger - ERROR - Could not get 200 response code
2022-04-07 09:16:54,282 - basicLogger - ERROR - Could not get 200 response code
2022-04-07 09:16:54,439 - basicLogger - ERROR - Could not get 200 response code
2022-04-07 09:16:59,284 - basicLogger - ERROR - Could not get 200 response code
2022-04-07 09:16:59,387 - basicLogger - ERROR - Could not get 200 response code
2022-04-07 09:17:04,273 - basicLogger - ERROR - Could not get 200 response code
2022-04-07 09:17:05,359 - basicLogger - ERROR - Could not get 200 response code
2022-04-07 09:17:09,278 - basicLogger - ERROR - Could not get 200 response code
2022-04-07 09:17:09,365 - basicLogger - ERROR - Could not get 200 response code
2022-04-07 09:17:14,272 - basicLogger - ERROR - Could not get 200 response code
2022-04-07 09:17:14,360 - basicLogger - ERROR - Could not get 200 response code
2022-04-07 09:17:19,275 - basicLogger - ERROR - Could not get 200 response code
2022-04-07 09:17:19,362 - basicLogger - ERROR - Could not get 200 response code
2022-04-07 09:17:24,280 - basicLogger - ERROR - Could not get 200 response code
2022-04-07 09:17:24,366 - basicLogger - ERROR - Could not get 200 response code
2022-04-07 09:17:29,273 - basicLogger - ERROR - Could not get 200 response code
2022-04-07 09:17:29,357 - basicLogger - ERROR - Could not get 200 response code
2022-04-07 09:17:34,273 - basicLogger - ERROR - Could not get 200 response code
2022-04-07 09:17:34,358 - basicLogger - ERROR - Could not get 200 response code
2022-04-07 09:17:39,275 - basicLogger - ERROR - Could not get 200 response code
2022-04-07 09:17:39,357 - basicLogger - ERROR - Could not get 200 response code
2022-04-07 09:17:44,299 - basicLogger - ERROR - Could not get 200 response code
2022-04-07 09:17:44,386 - basicLogger - ERROR - Could not get 200 response code
2022-04-07 09:17:49,278 - basicLogger - ERROR - Could not get 200 response code
2022-04-07 09:17:49,366 - basicLogger - ERROR - Could not get 200 response code
2022-04-07 09:17:54,281 - basicLogger - ERROR - Could not get 200 response code
2022-04-07 09:17:54,384 - basicLogger - ERROR - Could not get 200 response code
2022-04-07 09:17:59,277 - basicLogger - ERROR - Could not get 200 response code
2022-04-07 09:17:59,362 - basicLogger - ERROR - Could not get 200 response code
2022-04-07 09:18:04,276 - basicLogger - ERROR - Could not get 200 response code
2022-04-07 09:18:04,369 - basicLogger - ERROR - Could not get 200 response code
2022-04-07 09:18:09,286 - basicLogger - ERROR - Could not get 200 response code
2022-04-07 09:18:09,376 - basicLogger - ERROR - Could not get 200 response code
2022-04-07 09:18:14,279 - basicLogger - ERROR - Could not get 200 response code
2022-04-07 09:18:14,389 - basicLogger - ERROR - Could not get 200 response code
2022-04-07 09:18:19,278 - basicLogger - ERROR - Could not get 200 response code
2022-04-07 09:18:19,362 - basicLogger - ERROR - Could not get 200 response code
2022-04-07 09:18:24,270 - basicLogger - ERROR - Could not get 200 response code
2022-04-07 09:18:24,350 - basicLogger - ERROR - Could not get 200 response code
2022-04-07 09:18:29,277 - basicLogger - ERROR - Could not get 200 response code
2022-04-07 09:18:29,355 - basicLogger - ERROR - Could not get 200 response code
2022-04-07 09:18:34,273 - basicLogger - ERROR - Could not get 200 response code
2022-04-07 09:18:34,362 - basicLogger - ERROR - Could not get 200 response code
2022-04-07 09:18:39,316 - basicLogger - ERROR - Could not get 200 response code
2022-04-07 09:18:39,394 - basicLogger - ERROR - Could not get 200 response code
2022-04-07 09:18:44,273 - basicLogger - ERROR - Could not get 200 response code
2022-04-07 09:18:44,354 - basicLogger - ERROR - Could not get 200 response code
2022-04-07 09:18:49,277 - basicLogger - ERROR - Could not get 200 response code
2022-04-07 09:18:49,358 - basicLogger - ERROR - Could not get 200 response code
2022-04-07 09:18:54,279 - basicLogger - ERROR - Could not get 200 response code
2022-04-07 09:18:54,371 - basicLogger - ERROR - Could not get 200 response code
2022-04-07 09:18:59,276 - basicLogger - ERROR - Could not get 200 response code
2022-04-07 09:18:59,363 - basicLogger - ERROR - Could not get 200 response code
2022-04-07 09:19:04,280 - basicLogger - ERROR - Could not get 200 response code
2022-04-07 09:19:04,366 - basicLogger - ERROR - Could not get 200 response code
2022-04-07 09:19:09,273 - basicLogger - ERROR - Could not get 200 response code
2022-04-07 09:19:09,376 - basicLogger - ERROR - Could not get 200 response code
2022-04-07 09:19:14,279 - basicLogger - ERROR - Could not get 200 response code
2022-04-07 09:19:14,378 - basicLogger - ERROR - Could not get 200 response code
2022-04-07 09:19:19,278 - basicLogger - ERROR - Could not get 200 response code
2022-04-07 09:19:19,386 - basicLogger - ERROR - Could not get 200 response code
2022-04-07 09:19:24,279 - basicLogger - ERROR - Could not get 200 response code
2022-04-07 09:19:24,362 - basicLogger - ERROR - Could not get 200 response code
2022-04-07 09:19:29,272 - basicLogger - ERROR - Could not get 200 response code
2022-04-07 09:19:29,356 - basicLogger - ERROR - Could not get 200 response code
2022-04-07 09:19:34,277 - basicLogger - ERROR - Could not get 200 response code
2022-04-07 09:19:34,368 - basicLogger - ERROR - Could not get 200 response code
2022-04-07 09:19:39,275 - basicLogger - ERROR - Could not get 200 response code
2022-04-07 09:19:39,356 - basicLogger - ERROR - Could not get 200 response code
2022-04-07 09:19:44,276 - basicLogger - ERROR - Could not get 200 response code
2022-04-07 09:19:44,358 - basicLogger - ERROR - Could not get 200 response code
2022-04-07 09:19:49,280 - basicLogger - ERROR - Could not get 200 response code
2022-04-07 09:19:49,382 - basicLogger - ERROR - Could not get 200 response code
2022-04-07 09:19:54,271 - basicLogger - ERROR - Could not get 200 response code
2022-04-07 09:19:54,622 - basicLogger - ERROR - Could not get 200 response code
2022-04-07 09:19:59,272 - basicLogger - ERROR - Could not get 200 response code
2022-04-07 09:19:59,397 - basicLogger - ERROR - Could not get 200 response code
2022-04-07 09:20:04,278 - basicLogger - ERROR - Could not get 200 response code
2022-04-07 09:20:04,366 - basicLogger - ERROR - Could not get 200 response code
2022-04-07 09:20:09,279 - basicLogger - ERROR - Could not get 200 response code
2022-04-07 09:20:09,459 - basicLogger - ERROR - Could not get 200 response code
2022-04-07 09:20:14,275 - basicLogger - ERROR - Could not get 200 response code
2022-04-07 09:20:14,361 - basicLogger - ERROR - Could not get 200 response code
2022-04-07 09:20:19,279 - basicLogger - ERROR - Could not get 200 response code
2022-04-07 09:20:19,367 - basicLogger - ERROR - Could not get 200 response code
2022-04-07 09:20:24,279 - basicLogger - ERROR - Could not get 200 response code
2022-04-07 09:20:24,360 - basicLogger - ERROR - Could not get 200 response code
2022-04-07 09:20:29,277 - basicLogger - ERROR - Could not get 200 response code
2022-04-07 09:20:29,367 - basicLogger - ERROR - Could not get 200 response code
2022-04-07 09:20:34,277 - basicLogger - ERROR - Could not get 200 response code
2022-04-07 09:20:34,366 - basicLogger - ERROR - Could not get 200 response code
2022-04-07 09:20:39,279 - basicLogger - ERROR - Could not get 200 response code
2022-04-07 09:20:39,373 - basicLogger - ERROR - Could not get 200 response code
2022-04-07 09:20:44,275 - basicLogger - ERROR - Could not get 200 response code
2022-04-07 09:20:44,367 - basicLogger - ERROR - Could not get 200 response code
2022-04-07 09:20:49,281 - basicLogger - ERROR - Could not get 200 response code
2022-04-07 09:20:49,366 - basicLogger - ERROR - Could not get 200 response code
2022-04-07 09:20:54,277 - basicLogger - ERROR - Could not get 200 response code
2022-04-07 09:20:54,367 - basicLogger - ERROR - Could not get 200 response code
2022-04-07 09:20:59,273 - basicLogger - ERROR - Could not get 200 response code
2022-04-07 09:20:59,438 - basicLogger - ERROR - Could not get 200 response code
2022-04-07 09:21:04,279 - basicLogger - ERROR - Could not get 200 response code
2022-04-07 09:21:04,371 - basicLogger - ERROR - Could not get 200 response code
2022-04-07 09:21:09,279 - basicLogger - ERROR - Could not get 200 response code
2022-04-07 09:21:09,383 - basicLogger - ERROR - Could not get 200 response code
2022-04-07 09:21:14,280 - basicLogger - ERROR - Could not get 200 response code
2022-04-07 09:21:14,369 - basicLogger - ERROR - Could not get 200 response code
2022-04-07 09:21:19,274 - basicLogger - ERROR - Could not get 200 response code
2022-04-07 09:21:19,357 - basicLogger - ERROR - Could not get 200 response code
2022-04-07 09:21:24,281 - basicLogger - ERROR - Could not get 200 response code
2022-04-07 09:21:24,364 - basicLogger - ERROR - Could not get 200 response code
2022-04-07 09:21:29,276 - basicLogger - ERROR - Could not get 200 response code
2022-04-07 09:21:29,366 - basicLogger - ERROR - Could not get 200 response code
2022-04-07 09:21:34,278 - basicLogger - ERROR - Could not get 200 response code
2022-04-07 09:21:34,367 - basicLogger - ERROR - Could not get 200 response code
2022-04-07 09:21:39,281 - basicLogger - ERROR - Could not get 200 response code
2022-04-07 09:21:39,362 - basicLogger - ERROR - Could not get 200 response code
2022-04-07 09:21:44,280 - basicLogger - ERROR - Could not get 200 response code
2022-04-07 09:21:44,364 - basicLogger - ERROR - Could not get 200 response code
2022-04-07 09:21:49,271 - basicLogger - ERROR - Could not get 200 response code
2022-04-07 09:21:49,354 - basicLogger - ERROR - Could not get 200 response code
2022-04-07 09:21:54,274 - basicLogger - ERROR - Could not get 200 response code
2022-04-07 09:21:54,361 - basicLogger - ERROR - Could not get 200 response code
2022-04-07 09:21:59,279 - basicLogger - ERROR - Could not get 200 response code
2022-04-07 09:21:59,366 - basicLogger - ERROR - Could not get 200 response code
2022-04-07 09:22:04,280 - basicLogger - ERROR - Could not get 200 response code
2022-04-07 09:22:04,367 - basicLogger - ERROR - Could not get 200 response code
2022-04-07 09:22:09,276 - basicLogger - ERROR - Could not get 200 response code
2022-04-07 09:22:09,366 - basicLogger - ERROR - Could not get 200 response code
2022-04-07 09:22:14,278 - basicLogger - ERROR - Could not get 200 response code
2022-04-07 09:22:14,368 - basicLogger - ERROR - Could not get 200 response code
2022-04-07 09:22:19,273 - basicLogger - ERROR - Could not get 200 response code
2022-04-07 09:22:19,351 - basicLogger - ERROR - Could not get 200 response code
2022-04-07 09:22:24,276 - basicLogger - ERROR - Could not get 200 response code
2022-04-07 09:22:24,360 - basicLogger - ERROR - Could not get 200 response code
2022-04-07 09:22:29,273 - basicLogger - ERROR - Could not get 200 response code
2022-04-07 09:22:29,356 - basicLogger - ERROR - Could not get 200 response code
2022-04-07 09:22:34,275 - basicLogger - ERROR - Could not get 200 response code
2022-04-07 09:22:34,365 - basicLogger - ERROR - Could not get 200 response code
2022-04-07 09:22:39,273 - basicLogger - ERROR - Could not get 200 response code
2022-04-07 09:22:39,354 - basicLogger - ERROR - Could not get 200 response code
2022-04-07 09:22:44,273 - basicLogger - ERROR - Could not get 200 response code
2022-04-07 09:22:44,355 - basicLogger - ERROR - Could not get 200 response code
2022-04-07 09:22:49,278 - basicLogger - ERROR - Could not get 200 response code
2022-04-07 09:22:49,365 - basicLogger - ERROR - Could not get 200 response code
2022-04-07 09:22:54,277 - basicLogger - ERROR - Could not get 200 response code
2022-04-07 09:22:54,367 - basicLogger - ERROR - Could not get 200 response code
2022-04-07 09:22:59,277 - basicLogger - ERROR - Could not get 200 response code
2022-04-07 09:22:59,367 - basicLogger - ERROR - Could not get 200 response code
2022-04-07 09:23:04,276 - basicLogger - ERROR - Could not get 200 response code
2022-04-07 09:23:04,379 - basicLogger - ERROR - Could not get 200 response code
2022-04-07 09:23:09,275 - basicLogger - ERROR - Could not get 200 response code
2022-04-07 09:23:09,386 - basicLogger - ERROR - Could not get 200 response code
2022-04-07 09:23:14,277 - basicLogger - ERROR - Could not get 200 response code
2022-04-07 09:23:14,505 - basicLogger - ERROR - Could not get 200 response code
2022-04-07 09:23:19,282 - basicLogger - ERROR - Could not get 200 response code
2022-04-07 09:23:19,369 - basicLogger - ERROR - Could not get 200 response code
2022-04-07 09:23:24,280 - basicLogger - ERROR - Could not get 200 response code
2022-04-07 09:23:24,365 - basicLogger - ERROR - Could not get 200 response code
2022-04-07 09:23:29,275 - basicLogger - ERROR - Could not get 200 response code
2022-04-07 09:23:29,353 - basicLogger - ERROR - Could not get 200 response code
2022-04-07 09:23:34,278 - basicLogger - ERROR - Could not get 200 response code
2022-04-07 09:23:34,378 - basicLogger - ERROR - Could not get 200 response code
2022-04-07 09:23:39,271 - basicLogger - ERROR - Could not get 200 response code
2022-04-07 09:23:39,352 - basicLogger - ERROR - Could not get 200 response code
2022-04-07 09:23:44,274 - basicLogger - ERROR - Could not get 200 response code
2022-04-07 09:23:44,354 - basicLogger - ERROR - Could not get 200 response code
2022-04-07 09:23:49,271 - basicLogger - ERROR - Could not get 200 response code
2022-04-07 09:23:49,361 - basicLogger - ERROR - Could not get 200 response code
2022-04-07 09:23:54,278 - basicLogger - ERROR - Could not get 200 response code
2022-04-07 09:23:54,374 - basicLogger - ERROR - Could not get 200 response code
2022-04-07 09:23:59,279 - basicLogger - ERROR - Could not get 200 response code
2022-04-07 09:23:59,362 - basicLogger - ERROR - Could not get 200 response code
2022-04-07 09:24:04,276 - basicLogger - ERROR - Could not get 200 response code
2022-04-07 09:24:04,364 - basicLogger - ERROR - Could not get 200 response code
2022-04-07 09:24:09,281 - basicLogger - ERROR - Could not get 200 response code
2022-04-07 09:24:09,369 - basicLogger - ERROR - Could not get 200 response code
2022-04-07 09:24:14,276 - basicLogger - ERROR - Could not get 200 response code
2022-04-07 09:24:14,362 - basicLogger - ERROR - Could not get 200 response code
2022-04-07 09:24:19,281 - basicLogger - ERROR - Could not get 200 response code
2022-04-07 09:24:19,361 - basicLogger - ERROR - Could not get 200 response code
2022-04-07 09:24:24,275 - basicLogger - ERROR - Could not get 200 response code
2022-04-07 09:24:24,355 - basicLogger - ERROR - Could not get 200 response code
2022-04-07 09:24:29,276 - basicLogger - ERROR - Could not get 200 response code
2022-04-07 09:24:29,359 - basicLogger - ERROR - Could not get 200 response code
2022-04-07 09:24:34,276 - basicLogger - ERROR - Could not get 200 response code
2022-04-07 09:24:34,365 - basicLogger - ERROR - Could not get 200 response code
2022-04-07 09:24:39,277 - basicLogger - ERROR - Could not get 200 response code
2022-04-07 09:24:39,358 - basicLogger - ERROR - Could not get 200 response code
2022-04-07 09:24:44,274 - basicLogger - ERROR - Could not get 200 response code
2022-04-07 09:24:44,356 - basicLogger - ERROR - Could not get 200 response code
2022-04-07 09:24:49,276 - basicLogger - ERROR - Could not get 200 response code
2022-04-07 09:24:49,363 - basicLogger - ERROR - Could not get 200 response code
2022-04-07 09:24:54,272 - basicLogger - ERROR - Could not get 200 response code
2022-04-07 09:24:54,366 - basicLogger - ERROR - Could not get 200 response code
2022-04-07 09:24:59,280 - basicLogger - ERROR - Could not get 200 response code
2022-04-07 09:24:59,369 - basicLogger - ERROR - Could not get 200 response code
2022-04-07 09:25:04,273 - basicLogger - ERROR - Could not get 200 response code
2022-04-07 09:25:04,363 - basicLogger - ERROR - Could not get 200 response code
2022-04-07 09:25:09,272 - basicLogger - ERROR - Could not get 200 response code
2022-04-07 09:25:09,360 - basicLogger - ERROR - Could not get 200 response code
2022-04-07 09:25:14,275 - basicLogger - ERROR - Could not get 200 response code
2022-04-07 09:25:14,366 - basicLogger - ERROR - Could not get 200 response code
2022-04-07 09:25:19,281 - basicLogger - ERROR - Could not get 200 response code
2022-04-07 09:25:19,365 - basicLogger - ERROR - Could not get 200 response code
2022-04-07 09:25:24,277 - basicLogger - ERROR - Could not get 200 response code
2022-04-07 09:25:24,365 - basicLogger - ERROR - Could not get 200 response code
2022-04-07 09:25:29,278 - basicLogger - ERROR - Could not get 200 response code
2022-04-07 09:25:29,367 - basicLogger - ERROR - Could not get 200 response code
2022-04-07 09:25:34,276 - basicLogger - ERROR - Could not get 200 response code
2022-04-07 09:25:34,365 - basicLogger - ERROR - Could not get 200 response code
2022-04-07 09:25:39,276 - basicLogger - ERROR - Could not get 200 response code
2022-04-07 09:25:39,356 - basicLogger - ERROR - Could not get 200 response code
2022-04-07 09:25:44,276 - basicLogger - ERROR - Could not get 200 response code
2022-04-07 09:25:44,355 - basicLogger - ERROR - Could not get 200 response code
2022-04-07 09:25:49,276 - basicLogger - ERROR - Could not get 200 response code
2022-04-07 09:25:49,360 - basicLogger - ERROR - Could not get 200 response code
2022-04-07 09:25:54,276 - basicLogger - ERROR - Could not get 200 response code
2022-04-07 09:25:54,368 - basicLogger - ERROR - Could not get 200 response code
2022-04-07 09:25:59,277 - basicLogger - ERROR - Could not get 200 response code
2022-04-07 09:25:59,358 - basicLogger - ERROR - Could not get 200 response code
2022-04-07 09:26:04,279 - basicLogger - ERROR - Could not get 200 response code
2022-04-07 09:26:04,363 - basicLogger - ERROR - Could not get 200 response code
2022-04-07 09:26:09,277 - basicLogger - ERROR - Could not get 200 response code
2022-04-07 09:26:09,361 - basicLogger - ERROR - Could not get 200 response code
2022-04-07 09:26:14,275 - basicLogger - ERROR - Could not get 200 response code
2022-04-07 09:26:14,369 - basicLogger - ERROR - Could not get 200 response code
2022-04-07 09:26:19,279 - basicLogger - ERROR - Could not get 200 response code
2022-04-07 09:26:19,368 - basicLogger - ERROR - Could not get 200 response code
2022-04-07 09:26:24,275 - basicLogger - ERROR - Could not get 200 response code
2022-04-07 09:26:24,363 - basicLogger - ERROR - Could not get 200 response code
2022-04-07 09:26:29,277 - basicLogger - ERROR - Could not get 200 response code
2022-04-07 09:26:29,366 - basicLogger - ERROR - Could not get 200 response code
2022-04-07 09:26:34,276 - basicLogger - ERROR - Could not get 200 response code
2022-04-07 09:26:35,412 - basicLogger - ERROR - Could not get 200 response code
2022-04-07 09:26:39,276 - basicLogger - ERROR - Could not get 200 response code
2022-04-07 09:26:39,355 - basicLogger - ERROR - Could not get 200 response code
2022-04-07 09:26:44,280 - basicLogger - ERROR - Could not get 200 response code
2022-04-07 09:26:44,364 - basicLogger - ERROR - Could not get 200 response code
2022-04-07 09:26:49,279 - basicLogger - ERROR - Could not get 200 response code
2022-04-07 09:26:49,365 - basicLogger - ERROR - Could not get 200 response code
2022-04-07 09:26:54,279 - basicLogger - ERROR - Could not get 200 response code
2022-04-07 09:26:54,411 - basicLogger - ERROR - Could not get 200 response code
2022-04-07 09:26:59,279 - basicLogger - ERROR - Could not get 200 response code
2022-04-07 09:26:59,362 - basicLogger - ERROR - Could not get 200 response code
2022-04-07 09:27:04,272 - basicLogger - ERROR - Could not get 200 response code
2022-04-07 09:27:04,352 - basicLogger - ERROR - Could not get 200 response code
2022-04-07 09:27:09,274 - basicLogger - ERROR - Could not get 200 response code
2022-04-07 09:27:09,355 - basicLogger - ERROR - Could not get 200 response code
2022-04-07 09:27:14,277 - basicLogger - ERROR - Could not get 200 response code
2022-04-07 09:27:14,370 - basicLogger - ERROR - Could not get 200 response code
2022-04-07 09:27:19,281 - basicLogger - ERROR - Could not get 200 response code
2022-04-07 09:27:19,371 - basicLogger - ERROR - Could not get 200 response code
2022-04-07 09:27:24,276 - basicLogger - ERROR - Could not get 200 response code
2022-04-07 09:27:24,365 - basicLogger - ERROR - Could not get 200 response code
2022-04-07 09:27:29,278 - basicLogger - ERROR - Could not get 200 response code
2022-04-07 09:27:29,367 - basicLogger - ERROR - Could not get 200 response code
2022-04-07 09:27:34,276 - basicLogger - ERROR - Could not get 200 response code
2022-04-07 09:27:34,364 - basicLogger - ERROR - Could not get 200 response code
2022-04-07 09:27:39,273 - basicLogger - ERROR - Could not get 200 response code
2022-04-07 09:27:39,353 - basicLogger - ERROR - Could not get 200 response code
2022-04-07 09:27:44,274 - basicLogger - ERROR - Could not get 200 response code
2022-04-07 09:27:44,355 - basicLogger - ERROR - Could not get 200 response code
2022-04-07 09:27:49,274 - basicLogger - ERROR - Could not get 200 response code
2022-04-07 09:27:49,367 - basicLogger - ERROR - Could not get 200 response code
2022-04-07 09:27:54,276 - basicLogger - ERROR - Could not get 200 response code
2022-04-07 09:27:54,364 - basicLogger - ERROR - Could not get 200 response code
2022-04-07 09:27:59,278 - basicLogger - ERROR - Could not get 200 response code
2022-04-07 09:27:59,365 - basicLogger - ERROR - Could not get 200 response code
2022-04-07 09:28:04,273 - basicLogger - ERROR - Could not get 200 response code
2022-04-07 09:28:04,357 - basicLogger - ERROR - Could not get 200 response code
2022-04-07 09:28:09,278 - basicLogger - ERROR - Could not get 200 response code
2022-04-07 09:28:09,361 - basicLogger - ERROR - Could not get 200 response code
2022-04-07 09:28:14,280 - basicLogger - ERROR - Could not get 200 response code
2022-04-07 09:28:14,376 - basicLogger - ERROR - Could not get 200 response code
2022-04-07 09:28:19,279 - basicLogger - ERROR - Could not get 200 response code
2022-04-07 09:28:19,362 - basicLogger - ERROR - Could not get 200 response code
2022-04-07 09:28:24,277 - basicLogger - ERROR - Could not get 200 response code
2022-04-07 09:28:24,366 - basicLogger - ERROR - Could not get 200 response code
2022-04-07 09:28:29,282 - basicLogger - ERROR - Could not get 200 response code
2022-04-07 09:28:29,370 - basicLogger - ERROR - Could not get 200 response code
2022-04-07 09:28:34,279 - basicLogger - ERROR - Could not get 200 response code
2022-04-07 09:28:34,368 - basicLogger - ERROR - Could not get 200 response code
2022-04-07 09:28:39,276 - basicLogger - ERROR - Could not get 200 response code
2022-04-07 09:28:39,360 - basicLogger - ERROR - Could not get 200 response code
2022-04-07 09:28:44,275 - basicLogger - ERROR - Could not get 200 response code
2022-04-07 09:28:44,355 - basicLogger - ERROR - Could not get 200 response code
2022-04-07 09:28:49,273 - basicLogger - ERROR - Could not get 200 response code
2022-04-07 09:28:49,361 - basicLogger - ERROR - Could not get 200 response code
2022-04-07 09:28:54,275 - basicLogger - ERROR - Could not get 200 response code
2022-04-07 09:28:54,364 - basicLogger - ERROR - Could not get 200 response code
2022-04-07 09:28:59,279 - basicLogger - ERROR - Could not get 200 response code
2022-04-07 09:28:59,366 - basicLogger - ERROR - Could not get 200 response code
2022-04-07 09:29:04,271 - basicLogger - ERROR - Could not get 200 response code
2022-04-07 09:29:04,356 - basicLogger - ERROR - Could not get 200 response code
2022-04-07 09:29:09,271 - basicLogger - ERROR - Could not get 200 response code
2022-04-07 09:29:09,355 - basicLogger - ERROR - Could not get 200 response code
2022-04-07 09:29:14,285 - basicLogger - ERROR - Could not get 200 response code
2022-04-07 09:29:14,372 - basicLogger - ERROR - Could not get 200 response code
2022-04-07 09:29:19,275 - basicLogger - ERROR - Could not get 200 response code
2022-04-07 09:29:19,355 - basicLogger - ERROR - Could not get 200 response code
2022-04-07 09:29:24,274 - basicLogger - ERROR - Could not get 200 response code
2022-04-07 09:29:24,351 - basicLogger - ERROR - Could not get 200 response code
2022-04-07 09:29:29,280 - basicLogger - ERROR - Could not get 200 response code
2022-04-07 09:29:29,447 - basicLogger - ERROR - Could not get 200 response code
2022-04-07 09:29:34,276 - basicLogger - ERROR - Could not get 200 response code
2022-04-07 09:29:34,366 - basicLogger - ERROR - Could not get 200 response code
2022-04-07 09:29:39,277 - basicLogger - ERROR - Could not get 200 response code
2022-04-07 09:29:39,363 - basicLogger - ERROR - Could not get 200 response code
2022-04-07 09:29:44,277 - basicLogger - ERROR - Could not get 200 response code
2022-04-07 09:29:44,364 - basicLogger - ERROR - Could not get 200 response code
2022-04-07 09:29:49,279 - basicLogger - ERROR - Could not get 200 response code
2022-04-07 09:29:49,365 - basicLogger - ERROR - Could not get 200 response code
2022-04-07 09:29:54,278 - basicLogger - ERROR - Could not get 200 response code
2022-04-07 09:29:54,363 - basicLogger - ERROR - Could not get 200 response code
2022-04-07 09:29:59,274 - basicLogger - ERROR - Could not get 200 response code
2022-04-07 09:29:59,357 - basicLogger - ERROR - Could not get 200 response code
2022-04-07 09:30:04,277 - basicLogger - ERROR - Could not get 200 response code
2022-04-07 09:30:04,409 - basicLogger - ERROR - Could not get 200 response code
2022-04-07 09:30:09,276 - basicLogger - ERROR - Could not get 200 response code
2022-04-07 09:30:09,354 - basicLogger - ERROR - Could not get 200 response code
2022-04-07 09:30:14,272 - basicLogger - ERROR - Could not get 200 response code
2022-04-07 09:30:14,362 - basicLogger - ERROR - Could not get 200 response code
2022-04-07 09:30:19,274 - basicLogger - ERROR - Could not get 200 response code
2022-04-07 09:30:19,351 - basicLogger - ERROR - Could not get 200 response code
2022-04-07 09:30:24,278 - basicLogger - ERROR - Could not get 200 response code
2022-04-07 09:30:24,377 - basicLogger - ERROR - Could not get 200 response code
2022-04-07 09:30:29,281 - basicLogger - ERROR - Could not get 200 response code
2022-04-07 09:30:29,363 - basicLogger - ERROR - Could not get 200 response code
2022-04-07 09:30:34,277 - basicLogger - ERROR - Could not get 200 response code
2022-04-07 09:30:34,359 - basicLogger - ERROR - Could not get 200 response code
2022-04-07 09:30:39,276 - basicLogger - ERROR - Could not get 200 response code
2022-04-07 09:30:39,579 - basicLogger - ERROR - Could not get 200 response code
2022-04-07 09:30:44,273 - basicLogger - ERROR - Could not get 200 response code
2022-04-07 09:30:44,355 - basicLogger - ERROR - Could not get 200 response code
2022-04-07 09:30:49,276 - basicLogger - ERROR - Could not get 200 response code
2022-04-07 09:30:49,456 - basicLogger - ERROR - Could not get 200 response code
2022-04-07 09:30:54,277 - basicLogger - ERROR - Could not get 200 response code
2022-04-07 09:30:54,363 - basicLogger - ERROR - Could not get 200 response code
2022-04-07 09:30:59,274 - basicLogger - ERROR - Could not get 200 response code
2022-04-07 09:30:59,505 - basicLogger - ERROR - Could not get 200 response code
2022-04-07 09:31:04,278 - basicLogger - ERROR - Could not get 200 response code
2022-04-07 09:31:04,356 - basicLogger - ERROR - Could not get 200 response code
2022-04-07 09:31:09,273 - basicLogger - ERROR - Could not get 200 response code
2022-04-07 09:31:09,360 - basicLogger - ERROR - Could not get 200 response code
2022-04-07 09:31:14,279 - basicLogger - ERROR - Could not get 200 response code
2022-04-07 09:31:14,363 - basicLogger - ERROR - Could not get 200 response code
2022-04-07 09:31:19,275 - basicLogger - ERROR - Could not get 200 response code
2022-04-07 09:31:19,362 - basicLogger - ERROR - Could not get 200 response code
2022-04-07 09:31:24,274 - basicLogger - ERROR - Could not get 200 response code
2022-04-07 09:31:24,367 - basicLogger - ERROR - Could not get 200 response code
2022-04-07 09:31:29,276 - basicLogger - ERROR - Could not get 200 response code
2022-04-07 09:31:29,363 - basicLogger - ERROR - Could not get 200 response code
2022-04-07 09:31:34,275 - basicLogger - ERROR - Could not get 200 response code
2022-04-07 09:31:34,363 - basicLogger - ERROR - Could not get 200 response code
2022-04-07 09:31:39,275 - basicLogger - ERROR - Could not get 200 response code
2022-04-07 09:31:39,364 - basicLogger - ERROR - Could not get 200 response code
2022-04-07 09:31:44,274 - basicLogger - ERROR - Could not get 200 response code
2022-04-07 09:31:44,355 - basicLogger - ERROR - Could not get 200 response code
2022-04-07 09:31:49,279 - basicLogger - ERROR - Could not get 200 response code
2022-04-07 09:31:49,357 - basicLogger - ERROR - Could not get 200 response code
2022-04-07 09:31:54,278 - basicLogger - ERROR - Could not get 200 response code
2022-04-07 09:31:54,363 - basicLogger - ERROR - Could not get 200 response code
2022-04-07 09:31:59,274 - basicLogger - ERROR - Could not get 200 response code
2022-04-07 09:31:59,357 - basicLogger - ERROR - Could not get 200 response code
2022-04-07 09:32:04,275 - basicLogger - ERROR - Could not get 200 response code
2022-04-07 09:32:04,361 - basicLogger - ERROR - Could not get 200 response code
2022-04-07 09:32:09,274 - basicLogger - ERROR - Could not get 200 response code
2022-04-07 09:32:09,360 - basicLogger - ERROR - Could not get 200 response code
2022-04-07 09:32:14,274 - basicLogger - ERROR - Could not get 200 response code
2022-04-07 09:32:14,356 - basicLogger - ERROR - Could not get 200 response code
